<?xml version="1.0" encoding="UTF-8"?>
<testng-results total="2" passed="0" failed="0" skipped="2">
  <reporter-output>
  </reporter-output>
  <suite started-at="2021-05-10T17:11:31Z" name="Suite" finished-at="2021-05-10T17:21:34Z" duration-ms="602225">
    <groups>
    </groups>
    <test started-at="2021-05-10T17:11:31Z" name="DelpiTest" finished-at="2021-05-10T17:21:34Z" duration-ms="602225">
      <class name="LowesHomeDepot.LowesHomeDepotBuild.lowesTest">
        <test-method signature="openLowes()[pri:0, instance:LowesHomeDepot.LowesHomeDepotBuild.lowesTest@49dc7102]" started-at="2021-05-10T13:21:34Z" name="openLowes" finished-at="2021-05-10T13:21:34Z" duration-ms="2" status="SKIP">
          <reporter-output>
          </reporter-output>
        </test-method> <!-- openLowes -->
      </class> <!-- LowesHomeDepot.LowesHomeDepotBuild.lowesTest -->
      <class name="LowesHomeDepot.LowesHomeDepotBuild.NewTest">
        <test-method is-config="true" signature="beforeTest()[pri:0, instance:LowesHomeDepot.LowesHomeDepotBuild.NewTest@1649b0e6]" started-at="2021-05-10T13:11:31Z" name="beforeTest" finished-at="2021-05-10T13:11:31Z" duration-ms="0" status="FAIL">
          <exception class="org.openqa.selenium.SessionNotCreatedException">
            <message>
              <![CDATA[session not created
from timeout: Timed out receiving message from renderer: 600.000
  (Session info: chrome=90.0.4430.93)
Build info: version: '3.141.59', revision: 'e82be7d358', time: '2018-11-14T08:17:03'
System info: host: 'LAPTOP-QM44054G', ip: '192.168.2.41', os.name: 'Windows 10', os.arch: 'amd64', os.version: '10.0', java.version: '12.0.2'
Driver info: driver.version: ChromeDriver
remote stacktrace: Backtrace:
	Ordinal0 [0x0123C013+2474003]
	Ordinal0 [0x011D29C1+2042305]
	Ordinal0 [0x010E2F68+1060712]
	Ordinal0 [0x010D5652+1005138]
	Ordinal0 [0x010D4258+1000024]
	Ordinal0 [0x010D3DA5+998821]
	Ordinal0 [0x010DF164+1044836]
	Ordinal0 [0x010D3D31+998705]
	Ordinal0 [0x010D4FAF+1003439]
	Ordinal0 [0x010D4258+1000024]
	Ordinal0 [0x010D3DA5+998821]
	Ordinal0 [0x010DCDDA+1035738]
	Ordinal0 [0x010D3D31+998705]
	Ordinal0 [0x010D4FAF+1003439]
	Ordinal0 [0x010D4258+1000024]
	Ordinal0 [0x010D3DA5+998821]
	Ordinal0 [0x010DA929+1026345]
	Ordinal0 [0x010D3D31+998705]
	Ordinal0 [0x010D4FAF+1003439]
	Ordinal0 [0x010D4258+1000024]
	Ordinal0 [0x010D3DA5+998821]
	Ordinal0 [0x010D9DBC+1023420]
	Ordinal0 [0x010D3D31+998705]
	Ordinal0 [0x010D4FAF+1003439]
	Ordinal0 [0x010D4258+1000024]
	Ordinal0 [0x010D3DA5+998821]
	Ordinal0 [0x010CFA5D+981597]
	Ordinal0 [0x010D3D31+998705]
	Ordinal0 [0x010D3A85+998021]
	Ordinal0 [0x010D3829+997417]
	Ordinal0 [0x010E4090+1065104]
	Ordinal0 [0x0112B798+1357720]
	Ordinal0 [0x01128FAA+1347498]
	Ordinal0 [0x011266DB+1337051]
	Ordinal0 [0x01103427+1192999]
	Ordinal0 [0x011042EE+1196782]
	Ordinal0 [0x01104279+1196665]
	GetHandleVerifier [0x013C96FC+1590332]
	GetHandleVerifier [0x01478614+2306900]
	GetHandleVerifier [0x012C9E93+543699]
	GetHandleVerifier [0x012C92CE+540686]
	Ordinal0 [0x011D86BA+2066106]
	Ordinal0 [0x011DD1C8+2085320]
	Ordinal0 [0x011DD308+2085640]
	Ordinal0 [0x011E67F3+2123763]
	BaseThreadInitThunk [0x76C8FA29+25]
	RtlGetAppContainerNamedObjectPath [0x77BC7A4E+286]
	RtlGetAppContainerNamedObjectPath [0x77BC7A1E+238]
]]>
            </message>
            <full-stacktrace>
              <![CDATA[org.openqa.selenium.SessionNotCreatedException: session not created
from timeout: Timed out receiving message from renderer: 600.000
  (Session info: chrome=90.0.4430.93)
Build info: version: '3.141.59', revision: 'e82be7d358', time: '2018-11-14T08:17:03'
System info: host: 'LAPTOP-QM44054G', ip: '192.168.2.41', os.name: 'Windows 10', os.arch: 'amd64', os.version: '10.0', java.version: '12.0.2'
Driver info: driver.version: ChromeDriver
remote stacktrace: Backtrace:
	Ordinal0 [0x0123C013+2474003]
	Ordinal0 [0x011D29C1+2042305]
	Ordinal0 [0x010E2F68+1060712]
	Ordinal0 [0x010D5652+1005138]
	Ordinal0 [0x010D4258+1000024]
	Ordinal0 [0x010D3DA5+998821]
	Ordinal0 [0x010DF164+1044836]
	Ordinal0 [0x010D3D31+998705]
	Ordinal0 [0x010D4FAF+1003439]
	Ordinal0 [0x010D4258+1000024]
	Ordinal0 [0x010D3DA5+998821]
	Ordinal0 [0x010DCDDA+1035738]
	Ordinal0 [0x010D3D31+998705]
	Ordinal0 [0x010D4FAF+1003439]
	Ordinal0 [0x010D4258+1000024]
	Ordinal0 [0x010D3DA5+998821]
	Ordinal0 [0x010DA929+1026345]
	Ordinal0 [0x010D3D31+998705]
	Ordinal0 [0x010D4FAF+1003439]
	Ordinal0 [0x010D4258+1000024]
	Ordinal0 [0x010D3DA5+998821]
	Ordinal0 [0x010D9DBC+1023420]
	Ordinal0 [0x010D3D31+998705]
	Ordinal0 [0x010D4FAF+1003439]
	Ordinal0 [0x010D4258+1000024]
	Ordinal0 [0x010D3DA5+998821]
	Ordinal0 [0x010CFA5D+981597]
	Ordinal0 [0x010D3D31+998705]
	Ordinal0 [0x010D3A85+998021]
	Ordinal0 [0x010D3829+997417]
	Ordinal0 [0x010E4090+1065104]
	Ordinal0 [0x0112B798+1357720]
	Ordinal0 [0x01128FAA+1347498]
	Ordinal0 [0x011266DB+1337051]
	Ordinal0 [0x01103427+1192999]
	Ordinal0 [0x011042EE+1196782]
	Ordinal0 [0x01104279+1196665]
	GetHandleVerifier [0x013C96FC+1590332]
	GetHandleVerifier [0x01478614+2306900]
	GetHandleVerifier [0x012C9E93+543699]
	GetHandleVerifier [0x012C92CE+540686]
	Ordinal0 [0x011D86BA+2066106]
	Ordinal0 [0x011DD1C8+2085320]
	Ordinal0 [0x011DD308+2085640]
	Ordinal0 [0x011E67F3+2123763]
	BaseThreadInitThunk [0x76C8FA29+25]
	RtlGetAppContainerNamedObjectPath [0x77BC7A4E+286]
	RtlGetAppContainerNamedObjectPath [0x77BC7A1E+238]

	at java.base/jdk.internal.reflect.NativeConstructorAccessorImpl.newInstance0(Native Method)
	at java.base/jdk.internal.reflect.NativeConstructorAccessorImpl.newInstance(NativeConstructorAccessorImpl.java:62)
	at java.base/jdk.internal.reflect.DelegatingConstructorAccessorImpl.newInstance(DelegatingConstructorAccessorImpl.java:45)
	at java.base/java.lang.reflect.Constructor.newInstanceWithCaller(Constructor.java:500)
	at java.base/java.lang.reflect.Constructor.newInstance(Constructor.java:481)
	at org.openqa.selenium.remote.W3CHandshakeResponse.lambda$errorHandler$0(W3CHandshakeResponse.java:62)
	at org.openqa.selenium.remote.HandshakeResponse.lambda$getResponseFunction$0(HandshakeResponse.java:30)
	at org.openqa.selenium.remote.ProtocolHandshake.lambda$createSession$0(ProtocolHandshake.java:126)
	at java.base/java.util.stream.ReferencePipeline$3$1.accept(ReferencePipeline.java:195)
	at java.base/java.util.Spliterators$ArraySpliterator.tryAdvance(Spliterators.java:958)
	at java.base/java.util.stream.ReferencePipeline.forEachWithCancel(ReferencePipeline.java:127)
	at java.base/java.util.stream.AbstractPipeline.copyIntoWithCancel(AbstractPipeline.java:502)
	at java.base/java.util.stream.AbstractPipeline.copyInto(AbstractPipeline.java:488)
	at java.base/java.util.stream.AbstractPipeline.wrapAndCopyInto(AbstractPipeline.java:474)
	at java.base/java.util.stream.FindOps$FindOp.evaluateSequential(FindOps.java:150)
	at java.base/java.util.stream.AbstractPipeline.evaluate(AbstractPipeline.java:234)
	at java.base/java.util.stream.ReferencePipeline.findFirst(ReferencePipeline.java:543)
	at org.openqa.selenium.remote.ProtocolHandshake.createSession(ProtocolHandshake.java:128)
	at org.openqa.selenium.remote.ProtocolHandshake.createSession(ProtocolHandshake.java:74)
	at org.openqa.selenium.remote.HttpCommandExecutor.execute(HttpCommandExecutor.java:136)
	at org.openqa.selenium.remote.service.DriverCommandExecutor.execute(DriverCommandExecutor.java:83)
	at org.openqa.selenium.remote.RemoteWebDriver.execute(RemoteWebDriver.java:552)
	at org.openqa.selenium.remote.RemoteWebDriver.startSession(RemoteWebDriver.java:213)
	at org.openqa.selenium.remote.RemoteWebDriver.<init>(RemoteWebDriver.java:131)
	at org.openqa.selenium.chrome.ChromeDriver.<init>(ChromeDriver.java:181)
	at org.openqa.selenium.chrome.ChromeDriver.<init>(ChromeDriver.java:168)
	at org.openqa.selenium.chrome.ChromeDriver.<init>(ChromeDriver.java:123)
	at LowesHomeDepot.LowesHomeDepotBuild.NewTest.beforeTest(NewTest.java:17)
	at java.base/jdk.internal.reflect.NativeMethodAccessorImpl.invoke0(Native Method)
	at java.base/jdk.internal.reflect.NativeMethodAccessorImpl.invoke(NativeMethodAccessorImpl.java:62)
	at java.base/jdk.internal.reflect.DelegatingMethodAccessorImpl.invoke(DelegatingMethodAccessorImpl.java:43)
	at java.base/java.lang.reflect.Method.invoke(Method.java:567)
	at org.testng.internal.MethodInvocationHelper.invokeMethod(MethodInvocationHelper.java:84)
	at org.testng.internal.Invoker.invokeConfigurationMethod(Invoker.java:564)
	at org.testng.internal.Invoker.invokeConfigurations(Invoker.java:213)
	at org.testng.internal.Invoker.invokeConfigurations(Invoker.java:138)
	at org.testng.TestRunner.beforeRun(TestRunner.java:641)
	at org.testng.TestRunner.run(TestRunner.java:609)
	at org.testng.SuiteRunner.runTest(SuiteRunner.java:348)
	at org.testng.SuiteRunner.runSequentially(SuiteRunner.java:343)
	at org.testng.SuiteRunner.privateRun(SuiteRunner.java:305)
	at org.testng.SuiteRunner.run(SuiteRunner.java:254)
	at org.testng.SuiteRunnerWorker.runSuite(SuiteRunnerWorker.java:52)
	at org.testng.SuiteRunnerWorker.run(SuiteRunnerWorker.java:86)
	at org.testng.TestNG.runSuitesSequentially(TestNG.java:1224)
	at org.testng.TestNG.runSuitesLocally(TestNG.java:1149)
	at org.testng.TestNG.run(TestNG.java:1057)
	at org.apache.maven.surefire.testng.TestNGExecutor.run(TestNGExecutor.java:177)
	at org.apache.maven.surefire.testng.TestNGXmlTestSuite.execute(TestNGXmlTestSuite.java:92)
	at org.apache.maven.surefire.testng.TestNGProvider.invoke(TestNGProvider.java:105)
	at java.base/jdk.internal.reflect.NativeMethodAccessorImpl.invoke0(Native Method)
	at java.base/jdk.internal.reflect.NativeMethodAccessorImpl.invoke(NativeMethodAccessorImpl.java:62)
	at java.base/jdk.internal.reflect.DelegatingMethodAccessorImpl.invoke(DelegatingMethodAccessorImpl.java:43)
	at java.base/java.lang.reflect.Method.invoke(Method.java:567)
	at org.apache.maven.surefire.util.ReflectionUtils.invokeMethodWithArray(ReflectionUtils.java:189)
	at org.apache.maven.surefire.booter.ProviderFactory$ProviderProxy.invoke(ProviderFactory.java:165)
	at org.apache.maven.surefire.booter.ProviderFactory.invokeProvider(ProviderFactory.java:85)
	at org.apache.maven.surefire.booter.ForkedBooter.runSuitesInProcess(ForkedBooter.java:103)
	at org.apache.maven.surefire.booter.ForkedBooter.main(ForkedBooter.java:74)
]]>
            </full-stacktrace>
          </exception> <!-- org.openqa.selenium.SessionNotCreatedException -->
          <reporter-output>
          </reporter-output>
        </test-method> <!-- beforeTest -->
        <test-method is-config="true" signature="beforeTest()[pri:0, instance:LowesHomeDepot.LowesHomeDepotBuild.lowesTest@49dc7102]" started-at="2021-05-10T13:21:34Z" name="beforeTest" finished-at="2021-05-10T13:21:34Z" duration-ms="0" status="SKIP">
          <reporter-output>
          </reporter-output>
        </test-method> <!-- beforeTest -->
        <test-method signature="openWalmart()[pri:0, instance:LowesHomeDepot.LowesHomeDepotBuild.NewTest@1649b0e6]" started-at="2021-05-10T13:21:34Z" name="openWalmart" finished-at="2021-05-10T13:21:34Z" duration-ms="2" status="SKIP">
          <reporter-output>
          </reporter-output>
        </test-method> <!-- openWalmart -->
        <test-method is-config="true" signature="afterTest()[pri:0, instance:LowesHomeDepot.LowesHomeDepotBuild.NewTest@1649b0e6]" started-at="2021-05-10T13:21:34Z" name="afterTest" finished-at="2021-05-10T13:21:34Z" duration-ms="0" status="SKIP">
          <reporter-output>
          </reporter-output>
        </test-method> <!-- afterTest -->
        <test-method is-config="true" signature="afterTest()[pri:0, instance:LowesHomeDepot.LowesHomeDepotBuild.lowesTest@49dc7102]" started-at="2021-05-10T13:21:34Z" name="afterTest" finished-at="2021-05-10T13:21:34Z" duration-ms="0" status="SKIP">
          <reporter-output>
          </reporter-output>
        </test-method> <!-- afterTest -->
      </class> <!-- LowesHomeDepot.LowesHomeDepotBuild.NewTest -->
    </test> <!-- DelpiTest -->
  </suite> <!-- Suite -->
</testng-results>
